<?xml version="1.0" encoding="UTF-8" ?>
<beans
    xmlns="http://www.springframework.org/schema/beans"
    xmlns:mvc="http://www.springframework.org/schema/mvc"
    xmlns:context="http://www.springframework.org/schema/context"
    xmlns:xsi="http://www.w3.org/2001/XMLSchema-instance"
    xsi:schemaLocation="
        http://www.springframework.org/schema/beans
        http://www.springframework.org/schema/beans/spring-beans.xsd
        http://www.springframework.org/schema/mvc
        http://www.springframework.org/schema/mvc/spring-mvc.xsd
        http://www.springframework.org/schema/context
        http://www.springframework.org/schema/context/spring-context.xsd
    "
>   

    <bean name="/main" class="com.mvc.controller.HelloController" />

    <!-- Dispatcher 서블릿이 핸들러 찾을 때 @Controller 애노테이션이 달린 핸들러를 찾기 위한 매핑 전략 -->
    <bean class="org.springframework.web.servlet.mvc.method.annotation.RequestMappingHandlerMapping" />

    <!-- Dispatcher 서블릿이 핸들러 호출 시 @Controller 애노테이션이 달린 컨트롤러의 메소드를 호출하기 위한 어댑터 -->
    <bean class="org.springframework.web.servlet.mvc.method.annotation.RequestMappingHandlerAdapter" />

</beans>